Flow report for adder
Fri May 18 10:45:47 2018
Quartus II Version 9.1 Build 350 03/24/2010 Service Pack 2 SJ Web Edition


---------------------
; Table of Contents ;
---------------------
  1. Legal Notice
  2. Flow Summary
  3. Flow Settings
  4. Flow Non-Default Global Settings
  5. Flow Elapsed Time
  6. Flow OS Summary
  7. Flow Log



----------------
; Legal Notice ;
----------------
Copyright (C) 1991-2010 Altera Corporation
Your use of Altera Corporation's design tools, logic functions 
and other software and tools, and its AMPP partner logic 
functions, and any output files from any of the foregoing 
(including device programming or simulation files), and any 
associated documentation or information are expressly subject 
to the terms and conditions of the Altera Program License 
Subscription Agreement, Altera MegaCore Function License 
Agreement, or other applicable license agreement, including, 
without limitation, that your use is for the sole purpose of 
programming logic devices manufactured by Altera and sold by 
Altera or its authorized distributors.  Please refer to the 
applicable agreement for further details.



+------------------------------------------------------------------------+
; Flow Summary                                                           ;
+-------------------------+----------------------------------------------+
; Flow Status             ; Successful - Fri May 18 10:45:47 2018        ;
; Quartus II Version      ; 9.1 Build 350 03/24/2010 SP 2 SJ Web Edition ;
; Revision Name           ; adder                                        ;
; Top-level Entity Name   ; adder                                        ;
; Family                  ; Cyclone                                      ;
; Device                  ; EP1C6T144C6                                  ;
; Timing Models           ; Final                                        ;
; Met timing requirements ; Yes                                          ;
; Total logic elements    ; 18 / 5,980 ( < 1 % )                         ;
; Total pins              ; 50 / 98 ( 51 % )                             ;
; Total virtual pins      ; 0                                            ;
; Total memory bits       ; 0 / 92,160 ( 0 % )                           ;
; Total PLLs              ; 0 / 2 ( 0 % )                                ;
+-------------------------+----------------------------------------------+


+-----------------------------------------+
; Flow Settings                           ;
+-------------------+---------------------+
; Option            ; Setting             ;
+-------------------+---------------------+
; Start date & time ; 05/18/2018 10:45:42 ;
; Main task         ; Compilation         ;
; Revision Name     ; adder               ;
+-------------------+---------------------+


+------------------------------------------------------------------------------------------------------------------------+
; Flow Non-Default Global Settings                                                                                       ;
+--------------------------------------+---------------------------------+---------------+-------------+-----------------+
; Assignment Name                      ; Value                           ; Default Value ; Entity Name ; Section Id      ;
+--------------------------------------+---------------------------------+---------------+-------------+-----------------+
; COMPILER_SIGNATURE_ID                ; 264800828554550.152665114205864 ; --            ; --          ; --              ;
; EDA_DESIGN_INSTANCE_NAME             ; dut                             ; --            ; --          ; testbench_adder ;
; EDA_NATIVELINK_SIMULATION_TEST_BENCH ; testbench_adder                 ; --            ; --          ; eda_simulation  ;
; EDA_OUTPUT_DATA_FORMAT               ; Vhdl                            ; --            ; --          ; eda_simulation  ;
; EDA_RUN_TOOL_AUTOMATICALLY           ; On                              ; --            ; --          ; eda_simulation  ;
; EDA_SIMULATION_TOOL                  ; ModelSim-Altera (VHDL)          ; <None>        ; --          ; --              ;
; EDA_TEST_BENCH_ENABLE_STATUS         ; TEST_BENCH_MODE                 ; --            ; --          ; eda_simulation  ;
; EDA_TEST_BENCH_FILE                  ; testbench_adder.vhd             ; --            ; --          ; testbench_adder ;
; EDA_TEST_BENCH_MODULE_NAME           ; testbench_adder                 ; --            ; --          ; testbench_adder ;
; EDA_TEST_BENCH_NAME                  ; testbench_adder                 ; --            ; --          ; eda_simulation  ;
; MAX_CORE_JUNCTION_TEMP               ; 85                              ; --            ; --          ; --              ;
; MIN_CORE_JUNCTION_TEMP               ; 0                               ; --            ; --          ; --              ;
; PARTITION_COLOR                      ; 16764057                        ; --            ; --          ; Top             ;
; PARTITION_NETLIST_TYPE               ; SOURCE                          ; --            ; --          ; Top             ;
; USE_GENERATED_PHYSICAL_CONSTRAINTS   ; Off                             ; --            ; --          ; eda_blast_fpga  ;
+--------------------------------------+---------------------------------+---------------+-------------+-----------------+


+-----------------------------------------------------------------------------------------------------------------------------+
; Flow Elapsed Time                                                                                                           ;
+-------------------------+--------------+-------------------------+---------------------+------------------------------------+
; Module Name             ; Elapsed Time ; Average Processors Used ; Peak Virtual Memory ; Total CPU Time (on all processors) ;
+-------------------------+--------------+-------------------------+---------------------+------------------------------------+
; Analysis & Synthesis    ; 00:00:01     ; 1.0                     ; 229 MB              ; 00:00:01                           ;
; Fitter                  ; 00:00:00     ; 1.0                     ; 205 MB              ; 00:00:01                           ;
; Assembler               ; 00:00:01     ; 1.0                     ; 190 MB              ; 00:00:00                           ;
; Classic Timing Analyzer ; 00:00:00     ; 1.0                     ; 149 MB              ; 00:00:00                           ;
; EDA Netlist Writer      ; 00:00:00     ; 1.0                     ; 162 MB              ; 00:00:00                           ;
; Total                   ; 00:00:02     ; --                      ; --                  ; 00:00:02                           ;
+-------------------------+--------------+-------------------------+---------------------+------------------------------------+


+------------------------------------------------------------------------------------------+
; Flow OS Summary                                                                          ;
+-------------------------+------------------+---------------+------------+----------------+
; Module Name             ; Machine Hostname ; OS Name       ; OS Version ; Processor type ;
+-------------------------+------------------+---------------+------------+----------------+
; Analysis & Synthesis    ; User             ; Windows Vista ; 6.2        ; x86_64         ;
; Fitter                  ; User             ; Windows Vista ; 6.2        ; x86_64         ;
; Assembler               ; User             ; Windows Vista ; 6.2        ; x86_64         ;
; Classic Timing Analyzer ; User             ; Windows Vista ; 6.2        ; x86_64         ;
; EDA Netlist Writer      ; User             ; Windows Vista ; 6.2        ; x86_64         ;
+-------------------------+------------------+---------------+------------+----------------+


------------
; Flow Log ;
------------
quartus_map --read_settings_files=on --write_settings_files=off adder -c adder
quartus_fit --read_settings_files=off --write_settings_files=off adder -c adder
quartus_asm --read_settings_files=off --write_settings_files=off adder -c adder
quartus_tan --read_settings_files=off --write_settings_files=off adder -c adder --timing_analysis_only
quartus_eda --read_settings_files=off --write_settings_files=off adder -c adder



